[0.715s] Invoking command in '/root/workspace/ros2_ws/src/scout_boot': PYTHONPATH=/root/workspace/ros2_ws/build/scout_boot/prefix_override:/usr/lib/python3/dist-packages/colcon_core/task/python/colcon_distutils_commands:/root/workspace/ros2_ws/install/scout_boot/lib/python3.12/site-packages:${PYTHONPATH} /usr/bin/python3 -W ignore:setup.py install is deprecated -W ignore:easy_install command is deprecated setup.py egg_info --egg-base ../../build/scout_boot build --build-base /root/workspace/ros2_ws/build/scout_boot/build install --record /root/workspace/ros2_ws/build/scout_boot/install.log --single-version-externally-managed install_data
[0.942s] running egg_info
[0.943s] creating ../../build/scout_boot/scout_boot.egg-info
[0.954s] writing ../../build/scout_boot/scout_boot.egg-info/PKG-INFO
[0.956s] writing dependency_links to ../../build/scout_boot/scout_boot.egg-info/dependency_links.txt
[0.956s] writing requirements to ../../build/scout_boot/scout_boot.egg-info/requires.txt
[0.957s] writing top-level names to ../../build/scout_boot/scout_boot.egg-info/top_level.txt
[0.958s] writing manifest file '../../build/scout_boot/scout_boot.egg-info/SOURCES.txt'
[0.980s] reading manifest file '../../build/scout_boot/scout_boot.egg-info/SOURCES.txt'
[0.981s] writing manifest file '../../build/scout_boot/scout_boot.egg-info/SOURCES.txt'
[0.982s] running build
[0.982s] running build_py
[0.983s] creating /root/workspace/ros2_ws/build/scout_boot/build
[0.983s] creating /root/workspace/ros2_ws/build/scout_boot/build/lib
[0.983s] creating /root/workspace/ros2_ws/build/scout_boot/build/lib/scout_boot
[0.984s] copying scout_boot/__init__.py -> /root/workspace/ros2_ws/build/scout_boot/build/lib/scout_boot
[0.984s] copying scout_boot/py.typed -> /root/workspace/ros2_ws/build/scout_boot/build/lib/scout_boot
[0.986s] running install
[0.990s] running install_lib
[1.000s] creating /root/workspace/ros2_ws/install/scout_boot/lib/python3.12/site-packages/scout_boot
[1.001s] copying /root/workspace/ros2_ws/build/scout_boot/build/lib/scout_boot/__init__.py -> /root/workspace/ros2_ws/install/scout_boot/lib/python3.12/site-packages/scout_boot
[1.002s] copying /root/workspace/ros2_ws/build/scout_boot/build/lib/scout_boot/py.typed -> /root/workspace/ros2_ws/install/scout_boot/lib/python3.12/site-packages/scout_boot
[1.003s] byte-compiling /root/workspace/ros2_ws/install/scout_boot/lib/python3.12/site-packages/scout_boot/__init__.py to __init__.cpython-312.pyc
[1.005s] running install_data
[1.005s] creating /root/workspace/ros2_ws/install/scout_boot/share/ament_index
[1.006s] creating /root/workspace/ros2_ws/install/scout_boot/share/ament_index/resource_index
[1.006s] creating /root/workspace/ros2_ws/install/scout_boot/share/ament_index/resource_index/packages
[1.007s] copying resource/scout_boot -> /root/workspace/ros2_ws/install/scout_boot/share/ament_index/resource_index/packages
[1.007s] copying package.xml -> /root/workspace/ros2_ws/install/scout_boot/share/scout_boot
[1.008s] creating /root/workspace/ros2_ws/install/scout_boot/share/scout_boot/launch
[1.009s] copying scout_boot/launch/scout.launch.py -> /root/workspace/ros2_ws/install/scout_boot/share/scout_boot/launch
[1.010s] running install_egg_info
[1.021s] Copying ../../build/scout_boot/scout_boot.egg-info to /root/workspace/ros2_ws/install/scout_boot/lib/python3.12/site-packages/scout_boot-0.0.0-py3.12.egg-info
[1.028s] running install_scripts
[1.109s] writing list of installed files to '/root/workspace/ros2_ws/build/scout_boot/install.log'
[1.130s] Invoked command in '/root/workspace/ros2_ws/src/scout_boot' returned '0': PYTHONPATH=/root/workspace/ros2_ws/build/scout_boot/prefix_override:/usr/lib/python3/dist-packages/colcon_core/task/python/colcon_distutils_commands:/root/workspace/ros2_ws/install/scout_boot/lib/python3.12/site-packages:${PYTHONPATH} /usr/bin/python3 -W ignore:setup.py install is deprecated -W ignore:easy_install command is deprecated setup.py egg_info --egg-base ../../build/scout_boot build --build-base /root/workspace/ros2_ws/build/scout_boot/build install --record /root/workspace/ros2_ws/build/scout_boot/install.log --single-version-externally-managed install_data
